<?xml version="1.0" encoding="UTF-8"?>
<!-- Generated by org.testng.reporters.JUnitXMLReporter -->
<testsuite hostname="DESKTOP-R2QBSGS" ignored="0" name="Default test" tests="3" failures="0" timestamp="2019-12-26T17:12:38 EET" time="0.131" errors="0">
  <testcase name="Register" time="0.037" classname="TestingAPI.RegisterTesting"/>
  <testcase name="Register" time="0.004" classname="TestingAPI.RegisterTesting"/>
  <testcase name="Register" time="0.005" classname="TestingAPI.RegisterTesting"/>
</testsuite> <!-- Default test -->
