<?xml version="1.0" encoding="UTF-8"?>
<!-- Generated by org.testng.reporters.JUnitXMLReporter -->
<testsuite ignored="0" hostname="DESKTOP-MMHA4KL" failures="0" tests="3" name="Default test" time="0.061" errors="0" timestamp="2019-12-26T23:00:55 EET">
  <testcase classname="TestingAPI.Send_AcceptTest" name="SendAccept1" time="0.016"/>
  <testcase classname="TestingAPI.Send_AcceptTest" name="SendAccept2" time="0.003"/>
  <testcase classname="TestingAPI.Send_AcceptTest" name="SendAccept3" time="0.002"/>
</testsuite> <!-- Default test -->
