<?xml version="1.0" encoding="UTF-8"?>
<!-- Generated by org.testng.reporters.JUnitReportReporter -->
<testsuite skipped="0" hostname="DESKTOP-R2QBSGS" name="TestingAPI.RegisterTesting" tests="3" failures="0" timestamp="2019-12-26T17:12:38 EET" time="0.046" errors="0">
  <testcase name="Register" time="0.037" classname="TestingAPI.RegisterTesting"/>
  <testcase name="Register" time="0.005" classname="TestingAPI.RegisterTesting"/>
  <testcase name="Register" time="0.004" classname="TestingAPI.RegisterTesting"/>
</testsuite> <!-- TestingAPI.RegisterTesting -->
