<?xml version="1.0" encoding="UTF-8"?>
<!-- Generated by org.testng.reporters.JUnitReportReporter -->
<testsuite hostname="DESKTOP-MMHA4KL" failures="0" tests="3" name="TestingAPI.Send_AcceptTest" time="0.021" errors="0" timestamp="2019-12-26T23:00:55 EET" skipped="0">
  <testcase classname="TestingAPI.Send_AcceptTest" name="SendAccept3" time="0.002"/>
  <testcase classname="TestingAPI.Send_AcceptTest" name="SendAccept1" time="0.016"/>
  <testcase classname="TestingAPI.Send_AcceptTest" name="SendAccept2" time="0.003"/>
</testsuite> <!-- TestingAPI.Send_AcceptTest -->
