<?xml version="1.0" encoding="UTF-8"?>
<testng-results ignored="0" total="3" passed="3" failed="0" skipped="0">
  <reporter-output>
  </reporter-output>
  <suite started-at="2019-12-26T23:00:55 EET" name="Default suite" finished-at="2019-12-26T23:00:55 EET" duration-ms="61">
    <groups>
    </groups>
    <test started-at="2019-12-26T23:00:55 EET" name="Default test" finished-at="2019-12-26T23:00:55 EET" duration-ms="61">
      <class name="TestingAPI.Send_AcceptTest">
        <test-method signature="SendAccept1()[pri:0, instance:TestingAPI.Send_AcceptTest@7c417213]" started-at="2019-12-26T23:00:55 EET" name="SendAccept1" finished-at="2019-12-26T23:00:55 EET" duration-ms="16" status="PASS">
          <reporter-output>
          </reporter-output>
        </test-method> <!-- SendAccept1 -->
        <test-method signature="SendAccept2()[pri:0, instance:TestingAPI.Send_AcceptTest@7c417213]" started-at="2019-12-26T23:00:55 EET" name="SendAccept2" finished-at="2019-12-26T23:00:55 EET" duration-ms="3" status="PASS">
          <reporter-output>
          </reporter-output>
        </test-method> <!-- SendAccept2 -->
        <test-method signature="SendAccept3()[pri:0, instance:TestingAPI.Send_AcceptTest@7c417213]" started-at="2019-12-26T23:00:55 EET" name="SendAccept3" finished-at="2019-12-26T23:00:55 EET" duration-ms="2" status="PASS">
          <reporter-output>
          </reporter-output>
        </test-method> <!-- SendAccept3 -->
      </class> <!-- TestingAPI.Send_AcceptTest -->
    </test> <!-- Default test -->
  </suite> <!-- Default suite -->
</testng-results>
