<?xml version="1.0" encoding="UTF-8"?>
<testng-results skipped="0" failed="0" ignored="0" total="3" passed="3">
  <reporter-output>
  </reporter-output>
  <suite name="Default suite" duration-ms="131" started-at="2019-12-26T17:12:38 EET" finished-at="2019-12-26T17:12:38 EET">
    <groups>
    </groups>
    <test name="Default test" duration-ms="131" started-at="2019-12-26T17:12:38 EET" finished-at="2019-12-26T17:12:38 EET">
      <class name="TestingAPI.RegisterTesting">
        <test-method status="PASS" signature="Register(java.lang.String, java.lang.String, java.lang.String, java.lang.String, java.lang.String, java.util.Date)[pri:0, instance:TestingAPI.RegisterTesting@5ce81285]" name="Register" duration-ms="37" started-at="2019-12-26T17:12:38 EET" data-provider="dp" finished-at="2019-12-26T17:12:38 EET">
          <params>
            <param index="0">
              <value>
                <![CDATA[email.gmail]]>
              </value>
            </param>
            <param index="1">
              <value>
                <![CDATA[Name]]>
              </value>
            </param>
            <param index="2">
              <value>
                <![CDATA[Password]]>
              </value>
            </param>
            <param index="3">
              <value>
                <![CDATA[M]]>
              </value>
            </param>
            <param index="4">
              <value>
                <![CDATA[us]]>
              </value>
            </param>
            <param index="5">
              <value>
                <![CDATA[Thu Jan 01 02:00:00 EET 1970]]>
              </value>
            </param>
          </params>
          <reporter-output>
          </reporter-output>
        </test-method> <!-- Register -->
        <test-method status="PASS" signature="Register(java.lang.String, java.lang.String, java.lang.String, java.lang.String, java.lang.String, java.util.Date)[pri:0, instance:TestingAPI.RegisterTesting@5ce81285]" name="Register" duration-ms="4" started-at="2019-12-26T17:12:38 EET" data-provider="dp" finished-at="2019-12-26T17:12:38 EET">
          <params>
            <param index="0">
              <value>
                <![CDATA[email2.gmail]]>
              </value>
            </param>
            <param index="1">
              <value>
                <![CDATA[Name]]>
              </value>
            </param>
            <param index="2">
              <value>
                <![CDATA[Password]]>
              </value>
            </param>
            <param index="3">
              <value>
                <![CDATA[M]]>
              </value>
            </param>
            <param index="4">
              <value>
                <![CDATA[us]]>
              </value>
            </param>
            <param index="5">
              <value>
                <![CDATA[Thu Jan 01 02:00:00 EET 1970]]>
              </value>
            </param>
          </params>
          <reporter-output>
          </reporter-output>
        </test-method> <!-- Register -->
        <test-method status="PASS" signature="Register(java.lang.String, java.lang.String, java.lang.String, java.lang.String, java.lang.String, java.util.Date)[pri:0, instance:TestingAPI.RegisterTesting@5ce81285]" name="Register" duration-ms="5" started-at="2019-12-26T17:12:38 EET" data-provider="dp" finished-at="2019-12-26T17:12:38 EET">
          <params>
            <param index="0">
              <value>
                <![CDATA[email3.gmail]]>
              </value>
            </param>
            <param index="1">
              <value>
                <![CDATA[Name]]>
              </value>
            </param>
            <param index="2">
              <value>
                <![CDATA[Password]]>
              </value>
            </param>
            <param index="3">
              <value>
                <![CDATA[M]]>
              </value>
            </param>
            <param index="4">
              <value>
                <![CDATA[us]]>
              </value>
            </param>
            <param index="5">
              <value>
                <![CDATA[Thu Jan 01 02:00:00 EET 1970]]>
              </value>
            </param>
          </params>
          <reporter-output>
          </reporter-output>
        </test-method> <!-- Register -->
      </class> <!-- TestingAPI.RegisterTesting -->
    </test> <!-- Default test -->
  </suite> <!-- Default suite -->
</testng-results>
